2018-10-31 09:05:01.807 - WARN 39604 [  restartedMain] org.mybatis.spring.mapper.ClassPathMapperScanner.doScan:166 : No MyBatis mapper was found in '[com.login.controller]' package. Please check your configuration.
2018-10-31 09:07:33.765 - WARN 39604 [  restartedMain] org.mybatis.spring.mapper.ClassPathMapperScanner.doScan:166 : No MyBatis mapper was found in '[com.login.controller]' package. Please check your configuration.
2018-10-31 09:07:37.068 - WARN 39604 [  restartedMain] org.springframework.boot.context.embedded.AnnotationConfigEmbeddedWebApplicationContext.refresh:551 : Exception encountered during context initialization - cancelling refresh attempt: org.springframework.context.ApplicationContextException: Unable to start embedded container; nested exception is org.springframework.boot.context.embedded.EmbeddedServletContainerException: Unable to start embedded Tomcat
2018-10-31 09:07:46.316 - WARN 39604 [  restartedMain] org.mybatis.spring.mapper.ClassPathMapperScanner.doScan:166 : No MyBatis mapper was found in '[com.login.controller]' package. Please check your configuration.
2018-10-31 09:08:16.694 - WARN 39604 [  restartedMain] org.mybatis.spring.mapper.ClassPathMapperScanner.doScan:166 : No MyBatis mapper was found in '[com.login.controller]' package. Please check your configuration.
2018-10-31 09:11:36.527 - WARN 30620 [  restartedMain] org.mybatis.spring.mapper.ClassPathMapperScanner.doScan:166 : No MyBatis mapper was found in '[com.login.controller]' package. Please check your configuration.
2018-10-31 09:13:17.390 - WARN 30620 [  restartedMain] org.mybatis.spring.mapper.ClassPathMapperScanner.doScan:166 : No MyBatis mapper was found in '[com.login.controller]' package. Please check your configuration.
2018-10-31 09:22:03.416 - WARN 35464 [  restartedMain] org.mybatis.spring.mapper.ClassPathMapperScanner.doScan:166 : No MyBatis mapper was found in '[com.login.controller]' package. Please check your configuration.
2018-10-31 09:27:01.918 - WARN 7800 [  restartedMain] org.mybatis.spring.mapper.ClassPathMapperScanner.doScan:166 : No MyBatis mapper was found in '[com.login.controller]' package. Please check your configuration.
2018-10-31 09:28:28.229 - WARN 7800 [  restartedMain] org.mybatis.spring.mapper.ClassPathMapperScanner.doScan:166 : No MyBatis mapper was found in '[com.login.controller]' package. Please check your configuration.
2018-10-31 09:30:09.166 - WARN 7800 [  restartedMain] org.mybatis.spring.mapper.ClassPathMapperScanner.doScan:166 : No MyBatis mapper was found in '[com.login.controller]' package. Please check your configuration.
2018-10-31 09:31:19.245 - WARN 7800 [  restartedMain] org.mybatis.spring.mapper.ClassPathMapperScanner.doScan:166 : No MyBatis mapper was found in '[com.login.controller]' package. Please check your configuration.
2018-10-31 09:33:02.371 - WARN 26548 [  restartedMain] org.mybatis.spring.mapper.ClassPathMapperScanner.doScan:166 : No MyBatis mapper was found in '[com.login.controller]' package. Please check your configuration.
2018-10-31 10:01:11.200 - WARN 42452 [  restartedMain] org.mybatis.spring.mapper.ClassPathMapperScanner.doScan:166 : No MyBatis mapper was found in '[com.login.controller]' package. Please check your configuration.
2018-10-31 10:12:37.823 - WARN 42452 [  restartedMain] org.mybatis.spring.mapper.ClassPathMapperScanner.doScan:166 : No MyBatis mapper was found in '[com.login.controller]' package. Please check your configuration.
2018-10-31 10:13:02.552 - WARN 42452 [  restartedMain] org.mybatis.spring.mapper.ClassPathMapperScanner.doScan:166 : No MyBatis mapper was found in '[com.login.controller]' package. Please check your configuration.
2018-10-31 10:13:36.378 - WARN 42452 [  restartedMain] org.mybatis.spring.mapper.ClassPathMapperScanner.doScan:166 : No MyBatis mapper was found in '[com.login.controller]' package. Please check your configuration.
2018-10-31 10:13:41.693 - WARN 42452 [  restartedMain] org.springframework.boot.context.embedded.AnnotationConfigEmbeddedWebApplicationContext.refresh:551 : Exception encountered during context initialization - cancelling refresh attempt: org.springframework.beans.factory.BeanCreationException: Error creating bean with name 'loginController': Failed to introspect bean class [com.login.controller.LoginController] for lookup method metadata: could not find class that it depends on; nested exception is java.lang.NoClassDefFoundError: com/common/demo/Result
2018-10-31 10:13:41.766 - WARN 42452 [ost-startStop-1] org.apache.catalina.loader.WebappClassLoaderBase.log:179 : The web application [ROOT] appears to have started a thread named [mybatis-plus MapperRefresh] but has failed to stop it. This is very likely to create a memory leak. Stack trace of thread:
 java.lang.Thread.sleep(Native Method)
 com.baomidou.mybatisplus.spring.MybatisMapperRefresh$1.run(MybatisMapperRefresh.java:177)
 java.lang.Thread.run(Thread.java:748)
2018-10-31 10:15:15.673 - WARN 42452 [  restartedMain] org.mybatis.spring.mapper.ClassPathMapperScanner.doScan:166 : No MyBatis mapper was found in '[com.login.controller]' package. Please check your configuration.
2018-10-31 10:15:37.455 - WARN 42452 [  restartedMain] org.mybatis.spring.mapper.ClassPathMapperScanner.doScan:166 : No MyBatis mapper was found in '[com.login.controller]' package. Please check your configuration.
2018-10-31 10:15:41.604 - WARN 42452 [  restartedMain] org.springframework.boot.context.embedded.AnnotationConfigEmbeddedWebApplicationContext.refresh:551 : Exception encountered during context initialization - cancelling refresh attempt: org.springframework.beans.factory.BeanCreationException: Error creating bean with name 'loginController': Failed to introspect bean class [com.login.controller.LoginController] for lookup method metadata: could not find class that it depends on; nested exception is java.lang.NoClassDefFoundError: com/common/demo/Result
2018-10-31 10:15:41.615 - WARN 42452 [ost-startStop-1] org.apache.catalina.loader.WebappClassLoaderBase.log:179 : The web application [ROOT] appears to have started a thread named [mybatis-plus MapperRefresh] but has failed to stop it. This is very likely to create a memory leak. Stack trace of thread:
 java.lang.Thread.sleep(Native Method)
 com.baomidou.mybatisplus.spring.MybatisMapperRefresh$1.run(MybatisMapperRefresh.java:177)
 java.lang.Thread.run(Thread.java:748)
2018-10-31 10:16:18.225 - WARN 42452 [  restartedMain] org.mybatis.spring.mapper.ClassPathMapperScanner.doScan:166 : No MyBatis mapper was found in '[com.login.controller]' package. Please check your configuration.
2018-10-31 10:22:32.474 - WARN 42452 [  restartedMain] org.mybatis.spring.mapper.ClassPathMapperScanner.doScan:166 : No MyBatis mapper was found in '[com.login.controller]' package. Please check your configuration.
2018-10-31 10:22:36.731 - WARN 42452 [  restartedMain] org.springframework.boot.context.embedded.AnnotationConfigEmbeddedWebApplicationContext.refresh:551 : Exception encountered during context initialization - cancelling refresh attempt: org.springframework.beans.factory.BeanCreationException: Error creating bean with name 'loginController': Failed to introspect bean class [com.login.controller.LoginController] for lookup method metadata: could not find class that it depends on; nested exception is java.lang.NoClassDefFoundError: com/common/demo/Result
2018-10-31 10:22:36.745 - WARN 42452 [ost-startStop-1] org.apache.catalina.loader.WebappClassLoaderBase.log:179 : The web application [ROOT] appears to have started a thread named [mybatis-plus MapperRefresh] but has failed to stop it. This is very likely to create a memory leak. Stack trace of thread:
 java.lang.Thread.sleep(Native Method)
 com.baomidou.mybatisplus.spring.MybatisMapperRefresh$1.run(MybatisMapperRefresh.java:177)
 java.lang.Thread.run(Thread.java:748)
2018-10-31 10:23:15.907 - WARN 42452 [  restartedMain] org.mybatis.spring.mapper.ClassPathMapperScanner.doScan:166 : No MyBatis mapper was found in '[com.login.controller]' package. Please check your configuration.
2018-10-31 10:23:27.500 - WARN 42452 [nio-8001-exec-8] org.springframework.web.servlet.PageNotFound.handleHttpRequestMethodNotSupported:215 : Request method 'GET' not supported
2018-10-31 10:23:27.502 - WARN 42452 [nio-8001-exec-8] org.springframework.web.servlet.mvc.support.DefaultHandlerExceptionResolver.logException:189 : Resolved exception caused by Handler execution: org.springframework.web.HttpRequestMethodNotSupportedException: Request method 'GET' not supported
2018-10-31 10:23:30.799 - WARN 42452 [nio-8001-exec-7] org.springframework.web.servlet.PageNotFound.handleHttpRequestMethodNotSupported:215 : Request method 'GET' not supported
2018-10-31 10:23:30.800 - WARN 42452 [nio-8001-exec-7] org.springframework.web.servlet.mvc.support.DefaultHandlerExceptionResolver.logException:189 : Resolved exception caused by Handler execution: org.springframework.web.HttpRequestMethodNotSupportedException: Request method 'GET' not supported
2018-10-31 10:33:13.677 - WARN 42452 [nio-8001-exec-1] org.springframework.web.servlet.PageNotFound.handleHttpRequestMethodNotSupported:215 : Request method 'GET' not supported
2018-10-31 10:33:13.678 - WARN 42452 [nio-8001-exec-1] org.springframework.web.servlet.mvc.support.DefaultHandlerExceptionResolver.logException:189 : Resolved exception caused by Handler execution: org.springframework.web.HttpRequestMethodNotSupportedException: Request method 'GET' not supported
2018-10-31 10:38:15.104 - WARN 37024 [  restartedMain] org.mybatis.spring.mapper.ClassPathMapperScanner.doScan:166 : No MyBatis mapper was found in '[com.login.controller]' package. Please check your configuration.
2018-10-31 10:41:58.930 - WARN 37024 [  restartedMain] org.mybatis.spring.mapper.ClassPathMapperScanner.doScan:166 : No MyBatis mapper was found in '[com.login.controller]' package. Please check your configuration.
2018-10-31 10:44:44.070 - WARN 37024 [  restartedMain] org.mybatis.spring.mapper.ClassPathMapperScanner.doScan:166 : No MyBatis mapper was found in '[com.login.controller]' package. Please check your configuration.
2018-10-31 10:44:59.822 - WARN 37024 [  restartedMain] org.mybatis.spring.mapper.ClassPathMapperScanner.doScan:166 : No MyBatis mapper was found in '[com.login.controller]' package. Please check your configuration.
2018-10-31 10:45:31.937 - WARN 37024 [  restartedMain] org.mybatis.spring.mapper.ClassPathMapperScanner.doScan:166 : No MyBatis mapper was found in '[com.login.controller]' package. Please check your configuration.
2018-10-31 10:46:13.459 - WARN 37024 [  restartedMain] org.mybatis.spring.mapper.ClassPathMapperScanner.doScan:166 : No MyBatis mapper was found in '[com.login.controller]' package. Please check your configuration.
2018-10-31 10:53:39.296 - WARN 37024 [  restartedMain] org.mybatis.spring.mapper.ClassPathMapperScanner.doScan:166 : No MyBatis mapper was found in '[com.login.controller]' package. Please check your configuration.
2018-10-31 10:54:21.052 - WARN 37024 [  restartedMain] org.mybatis.spring.mapper.ClassPathMapperScanner.doScan:166 : No MyBatis mapper was found in '[com.login.controller]' package. Please check your configuration.
2018-10-31 10:55:23.156 - WARN 37024 [  restartedMain] org.mybatis.spring.mapper.ClassPathMapperScanner.doScan:166 : No MyBatis mapper was found in '[com.login.controller]' package. Please check your configuration.
2018-10-31 10:55:50.462 - WARN 37024 [  restartedMain] org.mybatis.spring.mapper.ClassPathMapperScanner.doScan:166 : No MyBatis mapper was found in '[com.login.controller]' package. Please check your configuration.
2018-10-31 10:55:52.623 - WARN 37024 [  restartedMain] org.springframework.boot.context.embedded.AnnotationConfigEmbeddedWebApplicationContext.refresh:551 : Exception encountered during context initialization - cancelling refresh attempt: org.springframework.context.ApplicationContextException: Unable to start embedded container; nested exception is org.springframework.boot.context.embedded.EmbeddedServletContainerException: Unable to start embedded Tomcat
2018-10-31 10:56:01.001 - WARN 37024 [  restartedMain] org.mybatis.spring.mapper.ClassPathMapperScanner.doScan:166 : No MyBatis mapper was found in '[com.login.controller]' package. Please check your configuration.
2018-10-31 10:58:27.269 - WARN 37024 [  restartedMain] org.mybatis.spring.mapper.ClassPathMapperScanner.doScan:166 : No MyBatis mapper was found in '[com.login.controller]' package. Please check your configuration.
2018-10-31 10:59:17.009 - WARN 37024 [io-8001-exec-10] org.springframework.web.servlet.mvc.support.DefaultHandlerExceptionResolver.handleHttpMessageNotReadable:384 : Failed to read HTTP message: org.springframework.http.converter.HttpMessageNotReadableException: Required request body is missing: public com.common.demo.Result com.login.controller.LoginController.login(java.lang.String,java.lang.String)
2018-10-31 10:59:17.011 - WARN 37024 [io-8001-exec-10] org.springframework.web.servlet.mvc.support.DefaultHandlerExceptionResolver.logException:189 : Resolved exception caused by Handler execution: org.springframework.http.converter.HttpMessageNotReadableException: Required request body is missing: public com.common.demo.Result com.login.controller.LoginController.login(java.lang.String,java.lang.String)
2018-10-31 11:00:03.218 - WARN 37024 [  restartedMain] org.mybatis.spring.mapper.ClassPathMapperScanner.doScan:166 : No MyBatis mapper was found in '[com.login.controller]' package. Please check your configuration.
2018-10-31 11:00:22.392 - WARN 37024 [  restartedMain] org.mybatis.spring.mapper.ClassPathMapperScanner.doScan:166 : No MyBatis mapper was found in '[com.login.controller]' package. Please check your configuration.
2018-10-31 11:00:40.823 - WARN 37024 [  restartedMain] org.mybatis.spring.mapper.ClassPathMapperScanner.doScan:166 : No MyBatis mapper was found in '[com.login.controller]' package. Please check your configuration.
2018-10-31 11:01:19.525 - WARN 37024 [  restartedMain] org.mybatis.spring.mapper.ClassPathMapperScanner.doScan:166 : No MyBatis mapper was found in '[com.login.controller]' package. Please check your configuration.
2018-10-31 11:01:30.948 - WARN 37024 [io-8001-exec-10] org.springframework.web.servlet.mvc.support.DefaultHandlerExceptionResolver.logException:189 : Resolved exception caused by Handler execution: org.springframework.web.HttpMediaTypeNotSupportedException: Content type 'multipart/form-data;boundary=--------------------------709413557873352332340418;charset=UTF-8' not supported
2018-10-31 11:02:19.011 - WARN 37024 [nio-8001-exec-9] org.springframework.web.servlet.mvc.support.DefaultHandlerExceptionResolver.logException:189 : Resolved exception caused by Handler execution: org.springframework.web.HttpMediaTypeNotSupportedException: Content type 'text/plain;charset=UTF-8' not supported
2018-10-31 11:03:04.908 - WARN 37024 [  restartedMain] org.mybatis.spring.mapper.ClassPathMapperScanner.doScan:166 : No MyBatis mapper was found in '[com.login.controller]' package. Please check your configuration.
2018-10-31 11:03:23.317 - WARN 37024 [nio-8001-exec-1] org.springframework.web.servlet.mvc.support.DefaultHandlerExceptionResolver.logException:189 : Resolved exception caused by Handler execution: org.springframework.web.HttpMediaTypeNotSupportedException: Content type 'text/plain;charset=UTF-8' not supported
2018-10-31 11:03:23.321 - WARN 37024 [nio-8001-exec-1] org.springframework.web.servlet.mvc.support.DefaultHandlerExceptionResolver.logException:189 : Resolved exception caused by Handler execution: org.springframework.web.HttpMediaTypeNotAcceptableException: Could not find acceptable representation
2018-10-31 11:03:27.060 - WARN 37024 [nio-8001-exec-2] org.springframework.web.servlet.mvc.support.DefaultHandlerExceptionResolver.logException:189 : Resolved exception caused by Handler execution: org.springframework.web.HttpMediaTypeNotSupportedException: Content type 'text/plain;charset=UTF-8' not supported
2018-10-31 11:03:27.062 - WARN 37024 [nio-8001-exec-2] org.springframework.web.servlet.mvc.support.DefaultHandlerExceptionResolver.logException:189 : Resolved exception caused by Handler execution: org.springframework.web.HttpMediaTypeNotAcceptableException: Could not find acceptable representation
2018-10-31 11:03:35.706 - WARN 37024 [nio-8001-exec-3] org.springframework.web.servlet.mvc.support.DefaultHandlerExceptionResolver.logException:189 : Resolved exception caused by Handler execution: org.springframework.web.HttpMediaTypeNotSupportedException: Content type 'text/plain;charset=UTF-8' not supported
2018-10-31 11:03:35.712 - WARN 37024 [nio-8001-exec-3] org.springframework.web.servlet.mvc.support.DefaultHandlerExceptionResolver.logException:189 : Resolved exception caused by Handler execution: org.springframework.web.HttpMediaTypeNotAcceptableException: Could not find acceptable representation
2018-10-31 11:04:16.742 - WARN 37024 [  restartedMain] org.mybatis.spring.mapper.ClassPathMapperScanner.doScan:166 : No MyBatis mapper was found in '[com.login.controller]' package. Please check your configuration.
2018-10-31 11:04:32.575 - WARN 37024 [nio-8001-exec-1] org.springframework.web.servlet.mvc.support.DefaultHandlerExceptionResolver.logException:189 : Resolved exception caused by Handler execution: org.springframework.web.HttpMediaTypeNotSupportedException: Content type 'text/plain;charset=UTF-8' not supported
2018-10-31 11:06:18.687 - WARN 37024 [nio-8001-exec-4] org.springframework.web.servlet.mvc.support.DefaultHandlerExceptionResolver.handleHttpMessageNotReadable:384 : Failed to read HTTP message: org.springframework.http.converter.HttpMessageNotReadableException: JSON parse error: Unexpected character ('u' (code 117)): was expecting double-quote to start field name; nested exception is com.fasterxml.jackson.core.JsonParseException: Unexpected character ('u' (code 117)): was expecting double-quote to start field name
 at [Source: (PushbackInputStream); line: 1, column: 3]
2018-10-31 11:06:18.688 - WARN 37024 [nio-8001-exec-4] org.springframework.web.servlet.mvc.support.DefaultHandlerExceptionResolver.logException:189 : Resolved exception caused by Handler execution: org.springframework.http.converter.HttpMessageNotReadableException: JSON parse error: Unexpected character ('u' (code 117)): was expecting double-quote to start field name; nested exception is com.fasterxml.jackson.core.JsonParseException: Unexpected character ('u' (code 117)): was expecting double-quote to start field name
 at [Source: (PushbackInputStream); line: 1, column: 3]
2018-10-31 11:09:23.130 - WARN 37024 [  restartedMain] org.mybatis.spring.mapper.ClassPathMapperScanner.doScan:166 : No MyBatis mapper was found in '[com.login.controller]' package. Please check your configuration.
2018-10-31 11:10:02.691 - WARN 37024 [  restartedMain] org.mybatis.spring.mapper.ClassPathMapperScanner.doScan:166 : No MyBatis mapper was found in '[com.login.controller]' package. Please check your configuration.
2018-10-31 11:10:05.468 - WARN 37024 [  restartedMain] org.springframework.boot.context.embedded.AnnotationConfigEmbeddedWebApplicationContext.refresh:551 : Exception encountered during context initialization - cancelling refresh attempt: org.springframework.beans.factory.BeanCreationException: Error creating bean with name 'loginController': Failed to introspect bean class [com.login.controller.LoginController] for lookup method metadata: could not find class that it depends on; nested exception is java.lang.NoClassDefFoundError: com/common/demo/Result
2018-10-31 11:10:05.477 - WARN 37024 [ost-startStop-1] org.apache.catalina.loader.WebappClassLoaderBase.log:179 : The web application [ROOT] appears to have started a thread named [mybatis-plus MapperRefresh] but has failed to stop it. This is very likely to create a memory leak. Stack trace of thread:
 java.lang.Thread.sleep(Native Method)
 com.baomidou.mybatisplus.spring.MybatisMapperRefresh$1.run(MybatisMapperRefresh.java:177)
 java.lang.Thread.run(Thread.java:748)
2018-10-31 11:10:38.335 - WARN 37024 [  restartedMain] org.mybatis.spring.mapper.ClassPathMapperScanner.doScan:166 : No MyBatis mapper was found in '[com.login.controller]' package. Please check your configuration.
2018-10-31 11:12:12.344 - WARN 37024 [  restartedMain] org.mybatis.spring.mapper.ClassPathMapperScanner.doScan:166 : No MyBatis mapper was found in '[com.login.controller]' package. Please check your configuration.
2018-10-31 11:12:30.925 - WARN 37024 [  restartedMain] org.mybatis.spring.mapper.ClassPathMapperScanner.doScan:166 : No MyBatis mapper was found in '[com.login.controller]' package. Please check your configuration.
2018-10-31 11:13:22.436 - WARN 37024 [  restartedMain] org.mybatis.spring.mapper.ClassPathMapperScanner.doScan:166 : No MyBatis mapper was found in '[com.login.controller]' package. Please check your configuration.
2018-10-31 11:13:25.575 - WARN 37024 [  restartedMain] org.springframework.boot.context.embedded.AnnotationConfigEmbeddedWebApplicationContext.refresh:551 : Exception encountered during context initialization - cancelling refresh attempt: org.springframework.beans.factory.BeanCreationException: Error creating bean with name 'loginController': Failed to introspect bean class [com.login.controller.LoginController] for lookup method metadata: could not find class that it depends on; nested exception is java.lang.NoClassDefFoundError: com/common/demo/Result
2018-10-31 11:13:25.586 - WARN 37024 [ost-startStop-1] org.apache.catalina.loader.WebappClassLoaderBase.log:179 : The web application [ROOT] appears to have started a thread named [mybatis-plus MapperRefresh] but has failed to stop it. This is very likely to create a memory leak. Stack trace of thread:
 java.lang.Thread.sleep(Native Method)
 com.baomidou.mybatisplus.spring.MybatisMapperRefresh$1.run(MybatisMapperRefresh.java:177)
 java.lang.Thread.run(Thread.java:748)
2018-10-31 11:14:10.409 - WARN 37024 [  restartedMain] org.mybatis.spring.mapper.ClassPathMapperScanner.doScan:166 : No MyBatis mapper was found in '[com.login.controller]' package. Please check your configuration.
2018-10-31 11:14:26.887 - WARN 37024 [  restartedMain] org.mybatis.spring.mapper.ClassPathMapperScanner.doScan:166 : No MyBatis mapper was found in '[com.login.controller]' package. Please check your configuration.
2018-10-31 11:26:13.247 - WARN 38180 [  restartedMain] org.mybatis.spring.mapper.ClassPathMapperScanner.doScan:166 : No MyBatis mapper was found in '[com.login.controller]' package. Please check your configuration.
2018-10-31 11:52:35.103 - WARN 10852 [  restartedMain] org.mybatis.spring.mapper.ClassPathMapperScanner.doScan:166 : No MyBatis mapper was found in '[com.login.controller]' package. Please check your configuration.
2018-10-31 13:55:42.383 - WARN 40684 [  restartedMain] org.mybatis.spring.mapper.ClassPathMapperScanner.doScan:166 : No MyBatis mapper was found in '[com.login.controller]' package. Please check your configuration.
2018-10-31 14:03:39.499 - WARN 41384 [  restartedMain] org.mybatis.spring.mapper.ClassPathMapperScanner.doScan:166 : No MyBatis mapper was found in '[com.login.controller]' package. Please check your configuration.
2018-10-31 14:16:03.235 - WARN 43380 [  restartedMain] org.mybatis.spring.mapper.ClassPathMapperScanner.doScan:166 : No MyBatis mapper was found in '[com.login.controller]' package. Please check your configuration.
2018-10-31 14:18:09.141 - WARN 41816 [  restartedMain] org.mybatis.spring.mapper.ClassPathMapperScanner.doScan:166 : No MyBatis mapper was found in '[com.login.controller]' package. Please check your configuration.
2018-10-31 14:23:54.043 - WARN 43652 [  restartedMain] org.mybatis.spring.mapper.ClassPathMapperScanner.doScan:166 : No MyBatis mapper was found in '[com.login.controller]' package. Please check your configuration.
2018-10-31 14:25:56.511 - WARN 41540 [  restartedMain] org.mybatis.spring.mapper.ClassPathMapperScanner.doScan:166 : No MyBatis mapper was found in '[com.login.controller]' package. Please check your configuration.
2018-10-31 14:31:47.638 - WARN 37368 [  restartedMain] org.mybatis.spring.mapper.ClassPathMapperScanner.doScan:166 : No MyBatis mapper was found in '[com.login.controller]' package. Please check your configuration.
2018-10-31 14:48:05.590 - WARN 34984 [  restartedMain] org.mybatis.spring.mapper.ClassPathMapperScanner.doScan:166 : No MyBatis mapper was found in '[com.login.controller]' package. Please check your configuration.
2018-10-31 14:51:58.579 - WARN 43360 [  restartedMain] org.mybatis.spring.mapper.ClassPathMapperScanner.doScan:166 : No MyBatis mapper was found in '[com.login.controller]' package. Please check your configuration.
2018-10-31 15:06:50.023 - WARN 43472 [  restartedMain] org.mybatis.spring.mapper.ClassPathMapperScanner.doScan:166 : No MyBatis mapper was found in '[com.login.controller]' package. Please check your configuration.
2018-10-31 15:11:05.662 - WARN 43168 [  restartedMain] org.mybatis.spring.mapper.ClassPathMapperScanner.doScan:166 : No MyBatis mapper was found in '[com.login.controller]' package. Please check your configuration.
2018-10-31 15:16:33.329 - WARN 44016 [           main] org.mybatis.spring.mapper.ClassPathMapperScanner.doScan:166 : No MyBatis mapper was found in '[com.login.controller]' package. Please check your configuration.
2018-10-31 15:19:06.346 - WARN 43664 [           main] org.mybatis.spring.mapper.ClassPathMapperScanner.doScan:166 : No MyBatis mapper was found in '[com.login.controller]' package. Please check your configuration.
2018-10-31 15:20:48.598 - WARN 38108 [           main] org.mybatis.spring.mapper.ClassPathMapperScanner.doScan:166 : No MyBatis mapper was found in '[com.login.controller]' package. Please check your configuration.
2018-10-31 15:22:11.792 - WARN 30532 [           main] org.mybatis.spring.mapper.ClassPathMapperScanner.doScan:166 : No MyBatis mapper was found in '[com.login.controller]' package. Please check your configuration.
2018-10-31 15:23:07.019 - WARN 31628 [           main] org.mybatis.spring.mapper.ClassPathMapperScanner.doScan:166 : No MyBatis mapper was found in '[com.login.controller]' package. Please check your configuration.
2018-10-31 15:23:24.552 - WARN 28620 [           main] org.mybatis.spring.mapper.ClassPathMapperScanner.doScan:166 : No MyBatis mapper was found in '[com.login.controller]' package. Please check your configuration.
2018-10-31 15:32:04.708 - WARN 41484 [           main] org.mybatis.spring.mapper.ClassPathMapperScanner.doScan:166 : No MyBatis mapper was found in '[com.login.controller]' package. Please check your configuration.
2018-10-31 15:38:31.035 - WARN 39852 [           main] org.mybatis.spring.mapper.ClassPathMapperScanner.doScan:166 : No MyBatis mapper was found in '[com.login.controller]' package. Please check your configuration.
2018-10-31 15:40:06.731 - WARN 34008 [           main] org.mybatis.spring.mapper.ClassPathMapperScanner.doScan:166 : No MyBatis mapper was found in '[com.login.controller]' package. Please check your configuration.
2018-10-31 15:41:47.200 - WARN 41976 [           main] org.mybatis.spring.mapper.ClassPathMapperScanner.doScan:166 : No MyBatis mapper was found in '[com.login.controller]' package. Please check your configuration.
2018-10-31 15:45:25.173 - WARN 10852 [           main] org.mybatis.spring.mapper.ClassPathMapperScanner.doScan:166 : No MyBatis mapper was found in '[com.login.controller]' package. Please check your configuration.
2018-10-31 15:47:30.622 - WARN 42944 [           main] org.mybatis.spring.mapper.ClassPathMapperScanner.doScan:166 : No MyBatis mapper was found in '[com.login.controller]' package. Please check your configuration.
2018-10-31 15:49:43.109 - WARN 42528 [           main] org.mybatis.spring.mapper.ClassPathMapperScanner.doScan:166 : No MyBatis mapper was found in '[com.login.controller]' package. Please check your configuration.
2018-10-31 15:50:52.507 - WARN 35232 [           main] org.mybatis.spring.mapper.ClassPathMapperScanner.doScan:166 : No MyBatis mapper was found in '[com.login.controller]' package. Please check your configuration.
2018-10-31 15:59:58.110 - WARN 39556 [           main] org.mybatis.spring.mapper.ClassPathMapperScanner.doScan:166 : No MyBatis mapper was found in '[com.login.controller]' package. Please check your configuration.
2018-10-31 16:57:45.806 - WARN 33712 [           main] org.mybatis.spring.mapper.ClassPathMapperScanner.doScan:166 : No MyBatis mapper was found in '[com.login.controller]' package. Please check your configuration.
