2018-11-01 09:03:50.302 - WARN 8092 [           main] org.mybatis.spring.mapper.ClassPathMapperScanner.doScan:166 : No MyBatis mapper was found in '[com.login.controller]' package. Please check your configuration.
2018-11-01 09:07:08.594 - WARN 3180 [           main] org.mybatis.spring.mapper.ClassPathMapperScanner.doScan:166 : No MyBatis mapper was found in '[com.login.controller]' package. Please check your configuration.
2018-11-01 09:11:36.642 - WARN 8460 [           main] org.mybatis.spring.mapper.ClassPathMapperScanner.doScan:166 : No MyBatis mapper was found in '[com.login.controller]' package. Please check your configuration.
2018-11-01 09:13:17.513 - WARN 4544 [           main] org.mybatis.spring.mapper.ClassPathMapperScanner.doScan:166 : No MyBatis mapper was found in '[com.login.controller]' package. Please check your configuration.
2018-11-01 09:14:46.505 - WARN 3332 [           main] org.mybatis.spring.mapper.ClassPathMapperScanner.doScan:166 : No MyBatis mapper was found in '[com.login.controller]' package. Please check your configuration.
2018-11-01 09:14:52.380 - WARN 8756 [           main] org.mybatis.spring.mapper.ClassPathMapperScanner.doScan:166 : No MyBatis mapper was found in '[com.login.controller]' package. Please check your configuration.
2018-11-01 09:15:28.799 - WARN 8756 [ost-startStop-1] org.apache.catalina.loader.WebappClassLoaderBase.log:179 : The web application [ROOT] appears to have started a thread named [Abandoned connection cleanup thread] but has failed to stop it. This is very likely to create a memory leak. Stack trace of thread:
 java.lang.Object.wait(Native Method)
 java.lang.ref.ReferenceQueue.remove(ReferenceQueue.java:143)
 com.mysql.cj.jdbc.AbandonedConnectionCleanupThread.run(AbandonedConnectionCleanupThread.java:43)
2018-11-01 09:15:28.815 - WARN 8756 [ost-startStop-1] org.apache.catalina.loader.WebappClassLoaderBase.log:179 : The web application [ROOT] appears to have started a thread named [Druid-ConnectionPool-Create-2095968090] but has failed to stop it. This is very likely to create a memory leak. Stack trace of thread:
 sun.misc.Unsafe.park(Native Method)
 java.util.concurrent.locks.LockSupport.park(LockSupport.java:175)
 java.util.concurrent.locks.AbstractQueuedSynchronizer$ConditionObject.await(AbstractQueuedSynchronizer.java:2039)
 com.alibaba.druid.pool.DruidDataSource$CreateConnectionThread.run(DruidDataSource.java:2443)
2018-11-01 09:15:28.815 - WARN 8756 [ost-startStop-1] org.apache.catalina.loader.WebappClassLoaderBase.log:179 : The web application [ROOT] appears to have started a thread named [Druid-ConnectionPool-Destroy-2095968090] but has failed to stop it. This is very likely to create a memory leak. Stack trace of thread:
 java.lang.Thread.sleep(Native Method)
 com.alibaba.druid.pool.DruidDataSource$DestroyConnectionThread.run(DruidDataSource.java:2540)
2018-11-01 09:15:28.815 - WARN 8756 [ost-startStop-1] org.apache.catalina.loader.WebappClassLoaderBase.log:179 : The web application [ROOT] appears to have started a thread named [System Clock] but has failed to stop it. This is very likely to create a memory leak. Stack trace of thread:
 sun.misc.Unsafe.park(Native Method)
 java.util.concurrent.locks.LockSupport.parkNanos(LockSupport.java:215)
 java.util.concurrent.locks.AbstractQueuedSynchronizer$ConditionObject.awaitNanos(AbstractQueuedSynchronizer.java:2078)
 java.util.concurrent.ScheduledThreadPoolExecutor$DelayedWorkQueue.take(ScheduledThreadPoolExecutor.java:1093)
 java.util.concurrent.ScheduledThreadPoolExecutor$DelayedWorkQueue.take(ScheduledThreadPoolExecutor.java:809)
 java.util.concurrent.ThreadPoolExecutor.getTask(ThreadPoolExecutor.java:1067)
 java.util.concurrent.ThreadPoolExecutor.runWorker(ThreadPoolExecutor.java:1127)
 java.util.concurrent.ThreadPoolExecutor$Worker.run(ThreadPoolExecutor.java:617)
 java.lang.Thread.run(Thread.java:748)
2018-11-01 09:15:28.815 - WARN 8756 [ost-startStop-1] org.apache.catalina.loader.WebappClassLoaderBase.log:179 : The web application [ROOT] appears to have started a thread named [mybatis-plus MapperRefresh] but has failed to stop it. This is very likely to create a memory leak. Stack trace of thread:
 java.lang.Thread.sleep(Native Method)
 com.baomidou.mybatisplus.spring.MybatisMapperRefresh$1.run(MybatisMapperRefresh.java:205)
 java.lang.Thread.run(Thread.java:748)
2018-11-01 09:16:01.698 - WARN 4812 [           main] org.mybatis.spring.mapper.ClassPathMapperScanner.doScan:166 : No MyBatis mapper was found in '[com.login.controller]' package. Please check your configuration.
2018-11-01 09:25:28.982 - WARN 9128 [           main] org.mybatis.spring.mapper.ClassPathMapperScanner.doScan:166 : No MyBatis mapper was found in '[com.login.controller]' package. Please check your configuration.
2018-11-01 09:25:37.185 - WARN 7176 [           main] org.mybatis.spring.mapper.ClassPathMapperScanner.doScan:166 : No MyBatis mapper was found in '[com.login.controller]' package. Please check your configuration.
2018-11-01 09:26:06.920 - WARN 7176 [ost-startStop-1] org.apache.catalina.loader.WebappClassLoaderBase.log:179 : The web application [ROOT] appears to have started a thread named [Abandoned connection cleanup thread] but has failed to stop it. This is very likely to create a memory leak. Stack trace of thread:
 java.lang.Object.wait(Native Method)
 java.lang.ref.ReferenceQueue.remove(ReferenceQueue.java:143)
 com.mysql.cj.jdbc.AbandonedConnectionCleanupThread.run(AbandonedConnectionCleanupThread.java:43)
2018-11-01 09:26:06.920 - WARN 7176 [ost-startStop-1] org.apache.catalina.loader.WebappClassLoaderBase.log:179 : The web application [ROOT] appears to have started a thread named [Druid-ConnectionPool-Create-1832242378] but has failed to stop it. This is very likely to create a memory leak. Stack trace of thread:
 sun.misc.Unsafe.park(Native Method)
 java.util.concurrent.locks.LockSupport.park(LockSupport.java:175)
 java.util.concurrent.locks.AbstractQueuedSynchronizer$ConditionObject.await(AbstractQueuedSynchronizer.java:2039)
 com.alibaba.druid.pool.DruidDataSource$CreateConnectionThread.run(DruidDataSource.java:2443)
2018-11-01 09:26:06.920 - WARN 7176 [ost-startStop-1] org.apache.catalina.loader.WebappClassLoaderBase.log:179 : The web application [ROOT] appears to have started a thread named [Druid-ConnectionPool-Destroy-1832242378] but has failed to stop it. This is very likely to create a memory leak. Stack trace of thread:
 java.lang.Thread.sleep(Native Method)
 com.alibaba.druid.pool.DruidDataSource$DestroyConnectionThread.run(DruidDataSource.java:2540)
2018-11-01 09:26:06.920 - WARN 7176 [ost-startStop-1] org.apache.catalina.loader.WebappClassLoaderBase.log:179 : The web application [ROOT] appears to have started a thread named [System Clock] but has failed to stop it. This is very likely to create a memory leak. Stack trace of thread:
 sun.misc.Unsafe.park(Native Method)
 java.util.concurrent.locks.LockSupport.parkNanos(LockSupport.java:215)
 java.util.concurrent.locks.AbstractQueuedSynchronizer$ConditionObject.awaitNanos(AbstractQueuedSynchronizer.java:2078)
 java.util.concurrent.ScheduledThreadPoolExecutor$DelayedWorkQueue.take(ScheduledThreadPoolExecutor.java:1093)
 java.util.concurrent.ScheduledThreadPoolExecutor$DelayedWorkQueue.take(ScheduledThreadPoolExecutor.java:809)
 java.util.concurrent.ThreadPoolExecutor.getTask(ThreadPoolExecutor.java:1067)
 java.util.concurrent.ThreadPoolExecutor.runWorker(ThreadPoolExecutor.java:1127)
 java.util.concurrent.ThreadPoolExecutor$Worker.run(ThreadPoolExecutor.java:617)
 java.lang.Thread.run(Thread.java:748)
2018-11-01 09:26:06.920 - WARN 7176 [ost-startStop-1] org.apache.catalina.loader.WebappClassLoaderBase.log:179 : The web application [ROOT] appears to have started a thread named [mybatis-plus MapperRefresh] but has failed to stop it. This is very likely to create a memory leak. Stack trace of thread:
 java.lang.Thread.sleep(Native Method)
 com.baomidou.mybatisplus.spring.MybatisMapperRefresh$1.run(MybatisMapperRefresh.java:205)
 java.lang.Thread.run(Thread.java:748)
2018-11-01 09:26:53.192 - WARN 2460 [           main] org.mybatis.spring.mapper.ClassPathMapperScanner.doScan:166 : No MyBatis mapper was found in '[com.login.controller]' package. Please check your configuration.
2018-11-01 09:27:59.779 - WARN 3460 [           main] org.mybatis.spring.mapper.ClassPathMapperScanner.doScan:166 : No MyBatis mapper was found in '[com.login.controller]' package. Please check your configuration.
2018-11-01 09:32:23.300 - WARN 8884 [           main] org.mybatis.spring.mapper.ClassPathMapperScanner.doScan:166 : No MyBatis mapper was found in '[com.login.controller]' package. Please check your configuration.
2018-11-01 09:46:48.126 - WARN 7944 [           main] org.mybatis.spring.mapper.ClassPathMapperScanner.doScan:166 : No MyBatis mapper was found in '[com.login.controller]' package. Please check your configuration.
2018-11-01 11:07:34.922 - WARN 500 [           main] org.mybatis.spring.mapper.ClassPathMapperScanner.doScan:166 : No MyBatis mapper was found in '[com.login.controller]' package. Please check your configuration.
2018-11-01 11:12:14.244 - WARN 5584 [           main] org.mybatis.spring.mapper.ClassPathMapperScanner.doScan:166 : No MyBatis mapper was found in '[com.login.controller]' package. Please check your configuration.
2018-11-01 11:19:37.087 - WARN 9636 [           main] org.mybatis.spring.mapper.ClassPathMapperScanner.doScan:166 : No MyBatis mapper was found in '[com.login.controller]' package. Please check your configuration.
2018-11-01 11:23:48.317 - WARN 4428 [           main] org.mybatis.spring.mapper.ClassPathMapperScanner.doScan:166 : No MyBatis mapper was found in '[com.login.controller]' package. Please check your configuration.
2018-11-01 11:27:34.731 - WARN 10512 [           main] org.mybatis.spring.mapper.ClassPathMapperScanner.doScan:166 : No MyBatis mapper was found in '[com.login.controller]' package. Please check your configuration.
2018-11-01 11:32:21.518 - WARN 8904 [           main] org.mybatis.spring.mapper.ClassPathMapperScanner.doScan:166 : No MyBatis mapper was found in '[com.login.controller]' package. Please check your configuration.
2018-11-01 12:52:40.579 - WARN 6028 [           main] org.mybatis.spring.mapper.ClassPathMapperScanner.doScan:166 : No MyBatis mapper was found in '[com.login.controller]' package. Please check your configuration.
